<?xml version="1.0" encoding="UTF-8"?>
<testsuite name="autenticarse en la pagina demo2 motivaxion" tests="1" skipped="0" failures="0" errors="0" timestamp="2021-02-06T18:10:01" hostname="DESKTOP-LNMAQ8L" time="24.941">
  <properties/>
  <testcase name="Inicio de sesion en la pagina demodos motivaxion" classname="autenticarse en la pagina demo2 motivaxion" time="24.941"/>
  <system-out><![CDATA[















?[32m.?[0m




















?[32m.?[0m



?[32m.?[0m
]]></system-out>
  <system-err><![CDATA[[Test worker] INFO net.thucydides.core.steps.ConsoleLoggingListener - 
 _____ _____ ____ _____   ____ _____  _    ____ _____ _____ ____  
|_   _| ____/ ___|_   _| / ___|_   _|/ \  |  _ \_   _| ____|  _ \ 
  | | |  _| \___ \ | |   \___ \ | | / _ \ | |_) || | |  _| | | | |
  | | | |___ ___) || |    ___) || |/ ___ \|  _ < | | | |___| |_| |
  |_| |_____|____/ |_|   |____/ |_/_/   \_\_| \_\|_| |_____|____/ 
                                                                  

TEST STARTED: Inicio de sesion en la pagina demodos motivaxion
-------------------------------------------------------------------(autenticarse-en-la-pagina-demo2-motivaxion;inicio-de-sesion-en-la-pagina-demodos-motivaxion)
feb 06, 2021 1:10:01 PM org.openqa.selenium.remote.DesiredCapabilities chrome
INFORMACIÓN: Using `new ChromeOptions()` is preferred to `DesiredCapabilities.chrome()`
Starting ChromeDriver 88.0.4324.96 (68dba2d8a0b149a1d3afac56fa74648032bcf46b-refs/branch-heads/4324@{#1784}) on port 2162
Only local connections are allowed.
Please see https://chromedriver.chromium.org/security-considerations for suggestions on keeping ChromeDriver safe.
ChromeDriver was started successfully.
feb 06, 2021 1:10:04 PM org.openqa.selenium.remote.ProtocolHandshake createSession
INFORMACIÓN: Detected dialect: W3C
]]></system-err>
</testsuite>
